Using pre-set license
Built from '2020.3/staging' branch; Version is '2020.3.30f1 (1fb1bf06830e) revision 2077119'; Using compiler version '192528614'; Build Type 'Release'
OS: 'Windows 10  (10.0.19044) 64bit Core' Language: 'zh' Physical Memory: 24397 MB
BatchMode: 1, IsHumanControllingUs: 0, StartBugReporterOnCrash: 0, Is64bit: 1, IsPro: 0

COMMAND LINE ARGUMENTS:
D:\Unity\Hub\Editor\2020.3.30f1\Editor\Unity.exe
-adb2
-batchMode
-noUpm
-name
AssetImportWorker0
-projectPath
D:/Unity2D_RunningMan_Unity2020.3.30f1/RunningMan
-logFile
Logs/AssetImportWorker0.log
-srvPort
3678
Successfully changed project path to: D:/Unity2D_RunningMan_Unity2020.3.30f1/RunningMan
D:/Unity2D_RunningMan_Unity2020.3.30f1/RunningMan
Using Asset Import Pipeline V2.
Refreshing native plugins compatible for Editor in 37.79 ms, found 3 plugins.
Preloading 0 native plugins for Editor in 0.00 ms.
Initialize engine version: 2020.3.30f1 (1fb1bf06830e)
[Subsystems] Discovering subsystems at path D:/Unity/Hub/Editor/2020.3.30f1/Editor/Data/Resources/UnitySubsystems
[Subsystems] Discovering subsystems at path D:/Unity2D_RunningMan_Unity2020.3.30f1/RunningMan/Assets
GfxDevice: creating device client; threaded=0
Direct3D:
    Version:  Direct3D 11.0 [level 11.1]
    Renderer: NVIDIA GeForce GTX 1650 (ID=0x1f99)
    Vendor:   
    VRAM:     3962 MB
    Driver:   31.0.15.1640
Initialize mono
Mono path[0] = 'D:/Unity/Hub/Editor/2020.3.30f1/Editor/Data/Managed'
Mono path[1] = 'D:/Unity/Hub/Editor/2020.3.30f1/Editor/Data/MonoBleedingEdge/lib/mono/unityjit'
Mono config path = 'D:/Unity/Hub/Editor/2020.3.30f1/Editor/Data/MonoBleedingEdge/etc'
Using monoOptions --debugger-agent=transport=dt_socket,embedding=1,server=y,suspend=n,address=127.0.0.1:56012
Begin MonoManager ReloadAssembly
Registering precompiled unity dll's ...
Register platform support module: D:/Unity/Hub/Editor/2020.3.30f1/Editor/Data/PlaybackEngines/WebGLSupport/UnityEditor.WebGL.Extensions.dll
Register platform support module: D:/Unity/Hub/Editor/2020.3.30f1/Editor/Data/PlaybackEngines/WindowsStandaloneSupport/UnityEditor.WindowsStandalone.Extensions.dll
Registered in 0.001186 seconds.
Native extension for WindowsStandalone target not found
Native extension for WebGL target not found
Refreshing native plugins compatible for Editor in 38.39 ms, found 3 plugins.
Preloading 0 native plugins for Editor in 0.00 ms.
Mono: successfully reloaded assembly
- Completed reload, in  0.490 seconds
Domain Reload Profiling:
	ReloadAssembly (491ms)
		BeginReloadAssembly (60ms)
			ExecutionOrderSort (0ms)
			DisableScriptedObjects (0ms)
			BackupInstance (0ms)
			ReleaseScriptingObjects (0ms)
			CreateAndSetChildDomain (1ms)
		EndReloadAssembly (377ms)
			LoadAssemblies (60ms)
			RebuildTransferFunctionScriptingTraits (0ms)
			SetupTypeCache (123ms)
			ReleaseScriptCaches (0ms)
			RebuildScriptCaches (26ms)
			SetupLoadedEditorAssemblies (147ms)
				LogAssemblyErrors (0ms)
				InitializePlatformSupportModulesInManaged (4ms)
				SetLoadedEditorAssemblies (0ms)
				RefreshPlugins (38ms)
				BeforeProcessingInitializeOnLoad (14ms)
				ProcessInitializeOnLoadAttributes (66ms)
				ProcessInitializeOnLoadMethodAttributes (25ms)
				AfterProcessingInitializeOnLoad (0ms)
				EditorAssembliesLoaded (0ms)
			ExecutionOrderSort2 (0ms)
			AwakeInstancesAfterBackupRestoration (0ms)
Platform modules already initialized, skipping
Registering precompiled user dll's ...
Registered in 0.002344 seconds.
Begin MonoManager ReloadAssembly
Native extension for WindowsStandalone target not found
Native extension for WebGL target not found
Refreshing native plugins compatible for Editor in 38.30 ms, found 3 plugins.
Preloading 0 native plugins for Editor in 0.00 ms.
Mono: successfully reloaded assembly
- Completed reload, in  0.928 seconds
Domain Reload Profiling:
	ReloadAssembly (929ms)
		BeginReloadAssembly (138ms)
			ExecutionOrderSort (0ms)
			DisableScriptedObjects (4ms)
			BackupInstance (0ms)
			ReleaseScriptingObjects (0ms)
			CreateAndSetChildDomain (16ms)
		EndReloadAssembly (745ms)
			LoadAssemblies (94ms)
			RebuildTransferFunctionScriptingTraits (0ms)
			SetupTypeCache (244ms)
			ReleaseScriptCaches (0ms)
			RebuildScriptCaches (39ms)
			SetupLoadedEditorAssemblies (281ms)
				LogAssemblyErrors (0ms)
				InitializePlatformSupportModulesInManaged (3ms)
				SetLoadedEditorAssemblies (0ms)
				RefreshPlugins (38ms)
				BeforeProcessingInitializeOnLoad (65ms)
				ProcessInitializeOnLoadAttributes (158ms)
				ProcessInitializeOnLoadMethodAttributes (14ms)
				AfterProcessingInitializeOnLoad (2ms)
				EditorAssembliesLoaded (0ms)
			ExecutionOrderSort2 (0ms)
			AwakeInstancesAfterBackupRestoration (5ms)
Platform modules already initialized, skipping
========================================================================
Worker process is ready to serve import requests
Launched and connected shader compiler UnityShaderCompiler.exe after 1.46 seconds
Refreshing native plugins compatible for Editor in 0.43 ms, found 3 plugins.
Preloading 0 native plugins for Editor in 0.00 ms.
Unloading 2196 Unused Serialized files (Serialized files now loaded: 0)
System memory in use before: 96.1 MB.
System memory in use after: 96.0 MB.

Unloading 31 unused Assets to reduce memory usage. Loaded Objects now: 2626.
Total: 2.652000 ms (FindLiveObjects: 0.140900 ms CreateObjectMapping: 0.074700 ms MarkObjects: 2.327600 ms  DeleteObjects: 0.108100 ms)

AssetImportParameters requested are different than current active one (requested -> active):
  custom:framework-win-MediaFoundation: 216162199b28c13a410421893ffa2e32 -> 
  custom:video-decoder-ogg-theora: a1e56fd34408186e4bbccfd4996cb3dc -> 
  custom:container-muxer-webm: aa71ff27fc2769a1b78a27578f13a17b -> 
  custom:container-demuxer-webm: 4f35f7cbe854078d1ac9338744f61a02 -> 
  custom:container-demuxer-ogg: 62fdf1f143b41e24485cea50d1cbac27 -> 
  custom:video-encoder-webm-vp8: eb34c28f22e8b96e1ab97ce403110664 -> 
  custom:video-decoder-webm-vp8: 9c59270c3fd7afecdb556c50c9e8de78 -> 
  custom:audio-decoder-ogg-vorbis: bf7c407c2cedff20999df2af8eb42d56 -> 
  custom:audio-encoder-webm-vorbis: bf7c407c2cedff20999df2af8eb42d56 -> 
========================================================================
Received Import Request.
  path: Assets/Scenes
  artifactKey: Guid(131a6b21c8605f84396be9f6751fb6e3) Importer(815301076,1909f56bfc062723c751e8b465ee728b)
Start importing Assets/Scenes using Guid(131a6b21c8605f84396be9f6751fb6e3) Importer(815301076,1909f56bfc062723c751e8b465ee728b)  -> (artifact id: 'df75b7d1a31c5b4f73fd45661b403b04') in 0.006942 seconds 
========================================================================
Received Import Request.
  Time since last request: 2.919650 seconds.
  path: Assets/0 Scene
  artifactKey: Guid(131a6b21c8605f84396be9f6751fb6e3) Importer(815301076,1909f56bfc062723c751e8b465ee728b)
Start importing Assets/0 Scene using Guid(131a6b21c8605f84396be9f6751fb6e3) Importer(815301076,1909f56bfc062723c751e8b465ee728b)  -> (artifact id: '8d6e4095be2c6d35062af6f8830f04ee') in 0.005931 seconds 
========================================================================
Received Import Request.
  Time since last request: 0.440398 seconds.
  path: Assets/0 Scene/0_Begin.unity
  artifactKey: Guid(33d4f4c402418ce45b523599a305dcb0) Importer(815301076,1909f56bfc062723c751e8b465ee728b)
Start importing Assets/0 Scene/0_Begin.unity using Guid(33d4f4c402418ce45b523599a305dcb0) Importer(815301076,1909f56bfc062723c751e8b465ee728b)  -> (artifact id: '31202d8ea5e9a5c0bc8889058f487114') in 0.016037 seconds 
========================================================================
Received Import Request.
  Time since last request: 3.775899 seconds.
  path: Assets/0 Scene/0 Begin.unity
  artifactKey: Guid(33d4f4c402418ce45b523599a305dcb0) Importer(815301076,1909f56bfc062723c751e8b465ee728b)
Start importing Assets/0 Scene/0 Begin.unity using Guid(33d4f4c402418ce45b523599a305dcb0) Importer(815301076,1909f56bfc062723c751e8b465ee728b)  -> (artifact id: '64cadd26f9f118724c6a41a4c8f21185') in 0.007226 seconds 
========================================================================
Received Import Request.
  Time since last request: 0.891088 seconds.
  path: Assets/0 Scene/SampleScene.unity
  artifactKey: Guid(2cda990e2423bbf4892e6590ba056729) Importer(815301076,1909f56bfc062723c751e8b465ee728b)
Start importing Assets/0 Scene/SampleScene.unity using Guid(2cda990e2423bbf4892e6590ba056729) Importer(815301076,1909f56bfc062723c751e8b465ee728b)  -> (artifact id: '1333ee985c8b405feb81c7cbd2e221fc') in 0.005681 seconds 
========================================================================
Received Import Request.
  Time since last request: 1417.235534 seconds.
  path: Assets
  artifactKey: Guid(00000000000000001000000000000000) Importer(815301076,1909f56bfc062723c751e8b465ee728b)
Start importing Assets using Guid(00000000000000001000000000000000) Importer(815301076,1909f56bfc062723c751e8b465ee728b)  -> (artifact id: '42d402b061de3733987d63b9cc3b64de') in 0.008435 seconds 
========================================================================
Received Import Request.
  Time since last request: 8.712178 seconds.
  path: Assets/3 Images
  artifactKey: Guid(63c2bbb27207dbc4787df38958ffb592) Importer(815301076,1909f56bfc062723c751e8b465ee728b)
Start importing Assets/3 Images using Guid(63c2bbb27207dbc4787df38958ffb592) Importer(815301076,1909f56bfc062723c751e8b465ee728b)  -> (artifact id: '2548c3f856c90bdea169e0ca6ce17e74') in 0.005076 seconds 
========================================================================
Received Import Request.
  Time since last request: 19.320724 seconds.
  path: Assets/3 Images/17381-01.jpg
  artifactKey: Guid(957314947a4d6144ead7f089bba90c0c) Importer(815301076,1909f56bfc062723c751e8b465ee728b)
Start importing Assets/3 Images/17381-01.jpg using Guid(957314947a4d6144ead7f089bba90c0c) Importer(815301076,1909f56bfc062723c751e8b465ee728b)  -> (artifact id: 'da1a39730d4f4f769f390bfb4b35e6f5') in 0.084163 seconds 
========================================================================
Received Prepare
Registering precompiled user dll's ...
Registered in 0.002420 seconds.
Begin MonoManager ReloadAssembly
Native extension for WindowsStandalone target not found
Native extension for WebGL target not found
Refreshing native plugins compatible for Editor in 0.72 ms, found 3 plugins.
Preloading 0 native plugins for Editor in 0.00 ms.
Mono: successfully reloaded assembly
- Completed reload, in  0.842 seconds
Domain Reload Profiling:
	ReloadAssembly (843ms)
		BeginReloadAssembly (110ms)
			ExecutionOrderSort (0ms)
			DisableScriptedObjects (6ms)
			BackupInstance (0ms)
			ReleaseScriptingObjects (0ms)
			CreateAndSetChildDomain (31ms)
		EndReloadAssembly (687ms)
			LoadAssemblies (93ms)
			RebuildTransferFunctionScriptingTraits (0ms)
			SetupTypeCache (237ms)
			ReleaseScriptCaches (1ms)
			RebuildScriptCaches (36ms)
			SetupLoadedEditorAssemblies (250ms)
				LogAssemblyErrors (0ms)
				InitializePlatformSupportModulesInManaged (5ms)
				SetLoadedEditorAssemblies (0ms)
				RefreshPlugins (1ms)
				BeforeProcessingInitializeOnLoad (70ms)
				ProcessInitializeOnLoadAttributes (162ms)
				ProcessInitializeOnLoadMethodAttributes (9ms)
				AfterProcessingInitializeOnLoad (2ms)
				EditorAssembliesLoaded (0ms)
			ExecutionOrderSort2 (0ms)
			AwakeInstancesAfterBackupRestoration (7ms)
Platform modules already initialized, skipping
Refreshing native plugins compatible for Editor in 0.42 ms, found 3 plugins.
Preloading 0 native plugins for Editor in 0.00 ms.
Unloading 2191 Unused Serialized files (Serialized files now loaded: 0)
System memory in use before: 99.0 MB.
System memory in use after: 99.0 MB.

Unloading 20 unused Assets to reduce memory usage. Loaded Objects now: 2634.
Total: 2.766500 ms (FindLiveObjects: 0.159600 ms CreateObjectMapping: 0.096100 ms MarkObjects: 2.420700 ms  DeleteObjects: 0.089200 ms)

AssetImportParameters requested are different than current active one (requested -> active):
  custom:framework-win-MediaFoundation: 216162199b28c13a410421893ffa2e32 -> 
  custom:video-decoder-ogg-theora: a1e56fd34408186e4bbccfd4996cb3dc -> 
  custom:container-muxer-webm: aa71ff27fc2769a1b78a27578f13a17b -> 
  custom:container-demuxer-webm: 4f35f7cbe854078d1ac9338744f61a02 -> 
  custom:container-demuxer-ogg: 62fdf1f143b41e24485cea50d1cbac27 -> 
  custom:video-encoder-webm-vp8: eb34c28f22e8b96e1ab97ce403110664 -> 
  custom:video-decoder-webm-vp8: 9c59270c3fd7afecdb556c50c9e8de78 -> 
  custom:audio-decoder-ogg-vorbis: bf7c407c2cedff20999df2af8eb42d56 -> 
  custom:audio-encoder-webm-vorbis: bf7c407c2cedff20999df2af8eb42d56 -> 
========================================================================
Received Import Request.
  Time since last request: 336.247872 seconds.
  path: Assets/3 Images/Untitled.png
  artifactKey: Guid(e8599ae5122957b45b65488f485bbae0) Importer(815301076,1909f56bfc062723c751e8b465ee728b)
Start importing Assets/3 Images/Untitled.png using Guid(e8599ae5122957b45b65488f485bbae0) Importer(815301076,1909f56bfc062723c751e8b465ee728b)  -> (artifact id: 'dc2b57205e642839682f97e2d282a0de') in 0.062932 seconds 
========================================================================
Received Import Request.
  Time since last request: 7773.738213 seconds.
  path: Assets/New Folder
  artifactKey: Guid(ec6d74dce2db8b74086c63972db3138c) Importer(815301076,1909f56bfc062723c751e8b465ee728b)
Start importing Assets/New Folder using Guid(ec6d74dce2db8b74086c63972db3138c) Importer(815301076,1909f56bfc062723c751e8b465ee728b)  -> (artifact id: '7ac549c1abb7ebb436e1bcf34fdfe8ab') in 0.007840 seconds 
========================================================================
Received Import Request.
  Time since last request: 3.807338 seconds.
  path: Assets/3 Images
  artifactKey: Guid(ec6d74dce2db8b74086c63972db3138c) Importer(815301076,1909f56bfc062723c751e8b465ee728b)
Start importing Assets/3 Images using Guid(ec6d74dce2db8b74086c63972db3138c) Importer(815301076,1909f56bfc062723c751e8b465ee728b)  -> (artifact id: 'dab2163f319f4141fcba97da92c9a26b') in 0.002166 seconds 
========================================================================
Received Import Request.
  Time since last request: 35.688133 seconds.
  path: Assets/3 Images/Begin BG.png
  artifactKey: Guid(e0ce81de07cc55349a39943ea41f13a9) Importer(815301076,1909f56bfc062723c751e8b465ee728b)
Start importing Assets/3 Images/Begin BG.png using Guid(e0ce81de07cc55349a39943ea41f13a9) Importer(815301076,1909f56bfc062723c751e8b465ee728b)  -> (artifact id: '3e6ee14ad0af18f463368040bec35fac') in 0.041328 seconds 
AssetImportWorkerClient::OnTransportError - code=2 error=End of file
